 before 11229
 after 01417
 quo : 1
 before 014179
 after 004367
 quo : 1
 before 0043679
 after 0033867
 quo : 1
 before 0033867
 after 0024055
 quo : 2
 before 0024055
 after 0014243
 quo : 3
 before 0014243
 after 0004431
 quo : 4
 before 00044319
 after 00034507
 quo : 1
 before 00034507
 after 00024695
 quo : 2
 before 00024695
 after 00014883
 quo : 3
 before 00014883
 after 00005071
 quo : 4
 before 000050711
 after 000040899
 quo : 1
 before 000040899
 after 000031087
 quo : 2
 before 000031087
 after 000021275
 quo : 3
 before 000021275
 after 000011463
 quo : 4
 before 000011463
 after 000001651
 quo : 5
 before 0000016511
 after 0000006699
 quo : 1
114451 6699
 right :114451 6699
